0 info it worked if it ends with ok
1 verbose cli [ '/Applications/Atom.app/Contents/Resources/app/apm/node_modules/atom-package-manager/bin/node',
1 verbose cli   '/Applications/Atom.app/Contents/Resources/app/apm/node_modules/atom-package-manager/node_modules/npm/bin/npm-cli.js',
1 verbose cli   'version',
1 verbose cli   'minor',
1 verbose cli   '-m',
1 verbose cli   'Prepare %s release' ]
2 info using npm@1.4.4
3 info using node@v0.10.26
4 error Error: Git working directory not clean.
4 error M package.json
4 error     at /Applications/Atom.app/Contents/Resources/app/apm/node_modules/atom-package-manager/node_modules/npm/lib/version.js:98:35
4 error     at ChildProcess.exithandler (child_process.js:635:7)
4 error     at ChildProcess.EventEmitter.emit (events.js:98:17)
4 error     at maybeClose (child_process.js:743:16)
4 error     at Socket.<anonymous> (child_process.js:956:11)
4 error     at Socket.EventEmitter.emit (events.js:95:17)
4 error     at Pipe.close (net.js:465:12)
5 error If you need help, you may report this *entire* log,
5 error including the npm and node versions, at:
5 error     <http://github.com/npm/npm/issues>
6 error System Darwin 13.2.0
7 error command "/Applications/Atom.app/Contents/Resources/app/apm/node_modules/atom-package-manager/bin/node" "/Applications/Atom.app/Contents/Resources/app/apm/node_modules/atom-package-manager/node_modules/npm/bin/npm-cli.js" "version" "minor" "-m" "Prepare %s release"
8 error cwd /Users/OberonV/Sites/language-nunjucks
9 error node -v v0.10.26
10 error npm -v 1.4.4
11 verbose exit [ 1, true ]
